# JRE version: OpenJDK Runtime Environment (8.0_262-b10) (build 1.8.0_262-b10)
# Java VM: OpenJDK 64-Bit Server VM (25.262-b10 mixed mode windows-amd64 compressed oops)
Heap:
 PSYoungGen      total 155648K, used 129331K [0x00000000e0000000, 0x00000000eb800000, 0x0000000100000000)
  eden space 144384K, 81% used [0x00000000e0000000,0x00000000e7364928,0x00000000e8d00000)
  from space 11264K, 99% used [0x00000000ead00000,0x00000000eb7e8540,0x00000000eb800000)
  to   space 19968K, 0% used [0x00000000e9100000,0x00000000e9100000,0x00000000ea480000)
 ParOldGen       total 180736K, used 33358K [0x00000000a0000000, 0x00000000ab080000, 0x00000000e0000000)
  object space 180736K, 18% used [0x00000000a0000000,0x00000000a2093828,0x00000000ab080000)
 Metaspace       used 60771K, capacity 63276K, committed 63384K, reserved 1103872K
  class space    used 8254K, capacity 8813K, committed 8872K, reserved 1048576K
GC Heap History (10 events):
Event: 5.993 GC heap before
{Heap before GC invocations=9 (full 2):
 PSYoungGen      total 114688K, used 101376K [0x00000000e0000000, 0x00000000e8080000, 0x0000000100000000)
  eden space 101376K, 100% used [0x00000000e0000000,0x00000000e6300000,0x00000000e6300000)
  from space 13312K, 0% used [0x00000000e7000000,0x00000000e7000000,0x00000000e7d00000)
  to   space 13312K, 0% used [0x00000000e6300000,0x00000000e6300000,0x00000000e7000000)
 ParOldGen       total 180736K, used 17786K [0x00000000a0000000, 0x00000000ab080000, 0x00000000e0000000)
  object space 180736K, 9% used [0x00000000a0000000,0x00000000a115ea00,0x00000000ab080000)
 Metaspace       used 45102K, capacity 46114K, committed 46632K, reserved 1089536K
  class space    used 6060K, capacity 6359K, committed 6440K, reserved 1048576K
Event: 6.001 GC heap after
Heap after GC invocations=9 (full 2):
 PSYoungGen      total 114688K, used 13282K [0x00000000e0000000, 0x00000000e9e80000, 0x0000000100000000)
  eden space 101376K, 0% used [0x00000000e0000000,0x00000000e0000000,0x00000000e6300000)
  from space 13312K, 99% used [0x00000000e6300000,0x00000000e6ff8b98,0x00000000e7000000)
  to   space 15360K, 0% used [0x00000000e8f80000,0x00000000e8f80000,0x00000000e9e80000)
 ParOldGen       total 180736K, used 19117K [0x00000000a0000000, 0x00000000ab080000, 0x00000000e0000000)
  object space 180736K, 10% used [0x00000000a0000000,0x00000000a12ab6b0,0x00000000ab080000)
 Metaspace       used 45102K, capacity 46114K, committed 46632K, reserved 1089536K
  class space    used 6060K, capacity 6359K, committed 6440K, reserved 1048576K
}
Event: 6.681 GC heap before
{Heap before GC invocations=10 (full 2):
 PSYoungGen      total 114688K, used 114658K [0x00000000e0000000, 0x00000000e9e80000, 0x0000000100000000)
  eden space 101376K, 100% used [0x00000000e0000000,0x00000000e6300000,0x00000000e6300000)
  from space 13312K, 99% used [0x00000000e6300000,0x00000000e6ff8b98,0x00000000e7000000)
  to   space 15360K, 0% used [0x00000000e8f80000,0x00000000e8f80000,0x00000000e9e80000)
 ParOldGen       total 180736K, used 19117K [0x00000000a0000000, 0x00000000ab080000, 0x00000000e0000000)
  object space 180736K, 10% used [0x00000000a0000000,0x00000000a12ab6b0,0x00000000ab080000)
 Metaspace       used 52546K, capacity 54030K, committed 54184K, reserved 1095680K
  class space    used 7120K, capacity 7510K, committed 7592K, reserved 1048576K
Event: 6.693 GC heap after
Heap after GC invocations=10 (full 2):
 PSYoungGen      total 143872K, used 15357K [0x00000000e0000000, 0x00000000ea880000, 0x0000000100000000)
  eden space 128512K, 0% used [0x00000000e0000000,0x00000000e0000000,0x00000000e7d80000)
  from space 15360K, 99% used [0x00000000e8f80000,0x00000000e9e7f648,0x00000000e9e80000)
  to   space 18432K, 0% used [0x00000000e7d80000,0x00000000e7d80000,0x00000000e8f80000)
 ParOldGen       total 180736K, used 21614K [0x00000000a0000000, 0x00000000ab080000, 0x00000000e0000000)
  object space 180736K, 11% used [0x00000000a0000000,0x00000000a151bb20,0x00000000ab080000)
 Metaspace       used 52546K, capacity 54030K, committed 54184K, reserved 1095680K
  class space    used 7120K, capacity 7510K, committed 7592K, reserved 1048576K
}
Event: 7.388 GC heap before
{Heap before GC invocations=11 (full 2):
 PSYoungGen      total 143872K, used 85081K [0x00000000e0000000, 0x00000000ea880000, 0x0000000100000000)
  eden space 128512K, 54% used [0x00000000e0000000,0x00000000e44170c0,0x00000000e7d80000)
  from space 15360K, 99% used [0x00000000e8f80000,0x00000000e9e7f648,0x00000000e9e80000)
  to   space 18432K, 0% used [0x00000000e7d80000,0x00000000e7d80000,0x00000000e8f80000)
 ParOldGen       total 180736K, used 21614K [0x00000000a0000000, 0x00000000ab080000, 0x00000000e0000000)
  object space 180736K, 11% used [0x00000000a0000000,0x00000000a151bb20,0x00000000ab080000)
 Metaspace       used 57522K, capacity 59104K, committed 59160K, reserved 1099776K
  class space    used 7801K, capacity 8217K, committed 8232K, reserved 1048576K
Event: 7.400 GC heap after
Heap after GC invocations=11 (full 2):
 PSYoungGen      total 146944K, used 18133K [0x00000000e0000000, 0x00000000ec100000, 0x0000000100000000)
  eden space 128512K, 0% used [0x00000000e0000000,0x00000000e0000000,0x00000000e7d80000)
  from space 18432K, 98% used [0x00000000e7d80000,0x00000000e8f357f0,0x00000000e8f80000)
  to   space 20480K, 0% used [0x00000000ead00000,0x00000000ead00000,0x00000000ec100000)
 ParOldGen       total 180736K, used 21686K [0x00000000a0000000, 0x00000000ab080000, 0x00000000e0000000)
  object space 180736K, 11% used [0x00000000a0000000,0x00000000a152db30,0x00000000ab080000)
 Metaspace       used 57522K, capacity 59104K, committed 59160K, reserved 1099776K
  class space    used 7801K, capacity 8217K, committed 8232K, reserved 1048576K
}
Event: 7.400 GC heap before
{Heap before GC invocations=12 (full 3):
 PSYoungGen      total 146944K, used 18133K [0x00000000e0000000, 0x00000000ec100000, 0x0000000100000000)
  eden space 128512K, 0% used [0x00000000e0000000,0x00000000e0000000,0x00000000e7d80000)
  from space 18432K, 98% used [0x00000000e7d80000,0x00000000e8f357f0,0x00000000e8f80000)
  to   space 20480K, 0% used [0x00000000ead00000,0x00000000ead00000,0x00000000ec100000)
 ParOldGen       total 180736K, used 21686K [0x00000000a0000000, 0x00000000ab080000, 0x00000000e0000000)
  object space 180736K, 11% used [0x00000000a0000000,0x00000000a152db30,0x00000000ab080000)
 Metaspace       used 57522K, capacity 59104K, committed 59160K, reserved 1099776K
  class space    used 7801K, capacity 8217K, committed 8232K, reserved 1048576K
Event: 7.610 GC heap after
Heap after GC invocations=12 (full 3):
 PSYoungGen      total 146944K, used 0K [0x00000000e0000000, 0x00000000ec100000, 0x0000000100000000)
  eden space 128512K, 0% used [0x00000000e0000000,0x00000000e0000000,0x00000000e7d80000)
  from space 18432K, 0% used [0x00000000e7d80000,0x00000000e7d80000,0x00000000e8f80000)
  to   space 20480K, 0% used [0x00000000ead00000,0x00000000ead00000,0x00000000ec100000)
 ParOldGen       total 180736K, used 33350K [0x00000000a0000000, 0x00000000ab080000, 0x00000000e0000000)
  object space 180736K, 18% used [0x00000000a0000000,0x00000000a2091828,0x00000000ab080000)
 Metaspace       used 57522K, capacity 59104K, committed 59160K, reserved 1099776K
  class space    used 7801K, capacity 8217K, committed 8232K, reserved 1048576K
}
Event: 8.431 GC heap before
{Heap before GC invocations=13 (full 3):
 PSYoungGen      total 146944K, used 128512K [0x00000000e0000000, 0x00000000ec100000, 0x0000000100000000)
  eden space 128512K, 100% used [0x00000000e0000000,0x00000000e7d80000,0x00000000e7d80000)
  from space 18432K, 0% used [0x00000000e7d80000,0x00000000e7d80000,0x00000000e8f80000)
  to   space 20480K, 0% used [0x00000000ead00000,0x00000000ead00000,0x00000000ec100000)
 ParOldGen       total 180736K, used 33350K [0x00000000a0000000, 0x00000000ab080000, 0x00000000e0000000)
  object space 180736K, 18% used [0x00000000a0000000,0x00000000a2091828,0x00000000ab080000)
 Metaspace       used 60369K, capacity 62886K, committed 63128K, reserved 1103872K
  class space    used 8229K, capacity 8802K, committed 8872K, reserved 1048576K
Event: 8.437 GC heap after
Heap after GC invocations=13 (full 3):
 PSYoungGen      total 155648K, used 11169K [0x00000000e0000000, 0x00000000eb800000, 0x0000000100000000)
  eden space 144384K, 0% used [0x00000000e0000000,0x00000000e0000000,0x00000000e8d00000)
  from space 11264K, 99% used [0x00000000ead00000,0x00000000eb7e8540,0x00000000eb800000)
  to   space 19968K, 0% used [0x00000000e9100000,0x00000000e9100000,0x00000000ea480000)
 ParOldGen       total 180736K, used 33358K [0x00000000a0000000, 0x00000000ab080000, 0x00000000e0000000)
  object space 180736K, 18% used [0x00000000a0000000,0x00000000a2093828,0x00000000ab080000)
 Metaspace       used 60369K, capacity 62886K, committed 63128K, reserved 1103872K
  class space    used 8229K, capacity 8802K, committed 8872K, reserved 1048576K
}

