# JRE version: OpenJDK Runtime Environment (8.0_262-b10) (build 1.8.0_262-b10)
# Java VM: OpenJDK 64-Bit Server VM (25.262-b10 mixed mode windows-amd64 compressed oops)
Heap:
 PSYoungGen      total 317952K, used 127493K [0x00000000e0000000, 0x00000000f8d80000, 0x0000000100000000)
  eden space 245248K, 27% used [0x00000000e0000000,0x00000000e40d3b88,0x00000000eef80000)
  from space 72704K, 84% used [0x00000000f3d00000,0x00000000f78ad940,0x00000000f8400000)
  to   space 79360K, 0% used [0x00000000eef80000,0x00000000eef80000,0x00000000f3d00000)
 ParOldGen       total 270848K, used 137383K [0x00000000a0000000, 0x00000000b0880000, 0x00000000e0000000)
  object space 270848K, 50% used [0x00000000a0000000,0x00000000a8629e80,0x00000000b0880000)
 Metaspace       used 85143K, capacity 89914K, committed 90136K, reserved 1126400K
  class space    used 11341K, capacity 12282K, committed 12328K, reserved 1048576K
GC Heap History (10 events):
Event: 12.438 GC heap before
{Heap before GC invocations=17 (full 3):
 PSYoungGen      total 195584K, used 195572K [0x00000000e0000000, 0x00000000f2f00000, 0x0000000100000000)
  eden space 148480K, 100% used [0x00000000e0000000,0x00000000e9100000,0x00000000e9100000)
  from space 47104K, 99% used [0x00000000e9100000,0x00000000ebefd2d8,0x00000000ebf00000)
  to   space 65024K, 0% used [0x00000000eef80000,0x00000000eef80000,0x00000000f2f00000)
 ParOldGen       total 270848K, used 120293K [0x00000000a0000000, 0x00000000b0880000, 0x00000000e0000000)
  object space 270848K, 44% used [0x00000000a0000000,0x00000000a7579508,0x00000000b0880000)
 Metaspace       used 71065K, capacity 73800K, committed 74136K, reserved 1114112K
  class space    used 9245K, capacity 9843K, committed 9896K, reserved 1048576K
Event: 12.475 GC heap after
Heap after GC invocations=17 (full 3):
 PSYoungGen      total 240128K, used 28967K [0x00000000e0000000, 0x00000000f2a00000, 0x0000000100000000)
  eden space 180224K, 0% used [0x00000000e0000000,0x00000000e0000000,0x00000000eb000000)
  from space 59904K, 48% used [0x00000000eef80000,0x00000000f0bc9cb8,0x00000000f2a00000)
  to   space 62464K, 0% used [0x00000000eb000000,0x00000000eb000000,0x00000000eed00000)
 ParOldGen       total 270848K, used 137351K [0x00000000a0000000, 0x00000000b0880000, 0x00000000e0000000)
  object space 270848K, 50% used [0x00000000a0000000,0x00000000a8621e80,0x00000000b0880000)
 Metaspace       used 71065K, capacity 73800K, committed 74136K, reserved 1114112K
  class space    used 9245K, capacity 9843K, committed 9896K, reserved 1048576K
}
Event: 13.493 GC heap before
{Heap before GC invocations=18 (full 3):
 PSYoungGen      total 240128K, used 209191K [0x00000000e0000000, 0x00000000f2a00000, 0x0000000100000000)
  eden space 180224K, 100% used [0x00000000e0000000,0x00000000eb000000,0x00000000eb000000)
  from space 59904K, 48% used [0x00000000eef80000,0x00000000f0bc9cb8,0x00000000f2a00000)
  to   space 62464K, 0% used [0x00000000eb000000,0x00000000eb000000,0x00000000eed00000)
 ParOldGen       total 270848K, used 137351K [0x00000000a0000000, 0x00000000b0880000, 0x00000000e0000000)
  object space 270848K, 50% used [0x00000000a0000000,0x00000000a8621e80,0x00000000b0880000)
 Metaspace       used 75039K, capacity 78280K, committed 78360K, reserved 1118208K
  class space    used 9792K, capacity 10483K, committed 10536K, reserved 1048576K
Event: 13.510 GC heap after
Heap after GC invocations=18 (full 3):
 PSYoungGen      total 242688K, used 47506K [0x00000000e0000000, 0x00000000f5600000, 0x0000000100000000)
  eden space 180224K, 0% used [0x00000000e0000000,0x00000000e0000000,0x00000000eb000000)
  from space 62464K, 76% used [0x00000000eb000000,0x00000000ede64b78,0x00000000eed00000)
  to   space 66560K, 0% used [0x00000000f1500000,0x00000000f1500000,0x00000000f5600000)
 ParOldGen       total 270848K, used 137359K [0x00000000a0000000, 0x00000000b0880000, 0x00000000e0000000)
  object space 270848K, 50% used [0x00000000a0000000,0x00000000a8623e80,0x00000000b0880000)
 Metaspace       used 75039K, capacity 78280K, committed 78360K, reserved 1118208K
  class space    used 9792K, capacity 10483K, committed 10536K, reserved 1048576K
}
Event: 14.017 GC heap before
{Heap before GC invocations=19 (full 3):
 PSYoungGen      total 242688K, used 227727K [0x00000000e0000000, 0x00000000f5600000, 0x0000000100000000)
  eden space 180224K, 99% used [0x00000000e0000000,0x00000000eafff2b8,0x00000000eb000000)
  from space 62464K, 76% used [0x00000000eb000000,0x00000000ede64b78,0x00000000eed00000)
  to   space 66560K, 0% used [0x00000000f1500000,0x00000000f1500000,0x00000000f5600000)
 ParOldGen       total 270848K, used 137359K [0x00000000a0000000, 0x00000000b0880000, 0x00000000e0000000)
  object space 270848K, 50% used [0x00000000a0000000,0x00000000a8623e80,0x00000000b0880000)
 Metaspace       used 80952K, capacity 85196K, committed 85400K, reserved 1122304K
  class space    used 10720K, capacity 11567K, committed 11688K, reserved 1048576K
Event: 14.043 GC heap after
Heap after GC invocations=19 (full 3):
 PSYoungGen      total 278016K, used 52258K [0x00000000e0000000, 0x00000000f6780000, 0x0000000100000000)
  eden space 211456K, 0% used [0x00000000e0000000,0x00000000e0000000,0x00000000ece80000)
  from space 66560K, 78% used [0x00000000f1500000,0x00000000f4808b60,0x00000000f5600000)
  to   space 72192K, 0% used [0x00000000ece80000,0x00000000ece80000,0x00000000f1500000)
 ParOldGen       total 270848K, used 137367K [0x00000000a0000000, 0x00000000b0880000, 0x00000000e0000000)
  object space 270848K, 50% used [0x00000000a0000000,0x00000000a8625e80,0x00000000b0880000)
 Metaspace       used 80952K, capacity 85196K, committed 85400K, reserved 1122304K
  class space    used 10720K, capacity 11567K, committed 11688K, reserved 1048576K
}
Event: 14.272 GC heap before
{Heap before GC invocations=20 (full 3):
 PSYoungGen      total 278016K, used 263714K [0x00000000e0000000, 0x00000000f6780000, 0x0000000100000000)
  eden space 211456K, 100% used [0x00000000e0000000,0x00000000ece80000,0x00000000ece80000)
  from space 66560K, 78% used [0x00000000f1500000,0x00000000f4808b60,0x00000000f5600000)
  to   space 72192K, 0% used [0x00000000ece80000,0x00000000ece80000,0x00000000f1500000)
 ParOldGen       total 270848K, used 137367K [0x00000000a0000000, 0x00000000b0880000, 0x00000000e0000000)
  object space 270848K, 50% used [0x00000000a0000000,0x00000000a8625e80,0x00000000b0880000)
 Metaspace       used 81217K, capacity 85444K, committed 85656K, reserved 1124352K
  class space    used 10735K, capacity 11603K, committed 11688K, reserved 1048576K
Event: 14.290 GC heap after
Heap after GC invocations=20 (full 3):
 PSYoungGen      total 283648K, used 43210K [0x00000000e0000000, 0x00000000f8400000, 0x0000000100000000)
  eden space 211456K, 0% used [0x00000000e0000000,0x00000000e0000000,0x00000000ece80000)
  from space 72192K, 59% used [0x00000000ece80000,0x00000000ef8b2a30,0x00000000f1500000)
  to   space 72704K, 0% used [0x00000000f3d00000,0x00000000f3d00000,0x00000000f8400000)
 ParOldGen       total 270848K, used 137375K [0x00000000a0000000, 0x00000000b0880000, 0x00000000e0000000)
  object space 270848K, 50% used [0x00000000a0000000,0x00000000a8627e80,0x00000000b0880000)
 Metaspace       used 81217K, capacity 85444K, committed 85656K, reserved 1124352K
  class space    used 10735K, capacity 11603K, committed 11688K, reserved 1048576K
}
Event: 15.727 GC heap before
{Heap before GC invocations=21 (full 3):
 PSYoungGen      total 283648K, used 254666K [0x00000000e0000000, 0x00000000f8400000, 0x0000000100000000)
  eden space 211456K, 100% used [0x00000000e0000000,0x00000000ece80000,0x00000000ece80000)
  from space 72192K, 59% used [0x00000000ece80000,0x00000000ef8b2a30,0x00000000f1500000)
  to   space 72704K, 0% used [0x00000000f3d00000,0x00000000f3d00000,0x00000000f8400000)
 ParOldGen       total 270848K, used 137375K [0x00000000a0000000, 0x00000000b0880000, 0x00000000e0000000)
  object space 270848K, 50% used [0x00000000a0000000,0x00000000a8627e80,0x00000000b0880000)
 Metaspace       used 83637K, capacity 88282K, committed 88344K, reserved 1126400K
  class space    used 11072K, capacity 12018K, committed 12072K, reserved 1048576K
Event: 15.748 GC heap after
Heap after GC invocations=21 (full 3):
 PSYoungGen      total 317952K, used 61110K [0x00000000e0000000, 0x00000000f8d80000, 0x0000000100000000)
  eden space 245248K, 0% used [0x00000000e0000000,0x00000000e0000000,0x00000000eef80000)
  from space 72704K, 84% used [0x00000000f3d00000,0x00000000f78ad940,0x00000000f8400000)
  to   space 79360K, 0% used [0x00000000eef80000,0x00000000eef80000,0x00000000f3d00000)
 ParOldGen       total 270848K, used 137383K [0x00000000a0000000, 0x00000000b0880000, 0x00000000e0000000)
  object space 270848K, 50% used [0x00000000a0000000,0x00000000a8629e80,0x00000000b0880000)
 Metaspace       used 83637K, capacity 88282K, committed 88344K, reserved 1126400K
  class space    used 11072K, capacity 12018K, committed 12072K, reserved 1048576K
}

