# JRE version: OpenJDK Runtime Environment (8.0_262-b10) (build 1.8.0_262-b10)
# Java VM: OpenJDK 64-Bit Server VM (25.262-b10 mixed mode windows-amd64 compressed oops)
Heap:
 PSYoungGen      total 332288K, used 191941K [0x00000000e0000000, 0x00000000fbe00000, 0x0000000100000000)
  eden space 262656K, 73% used [0x00000000e0000000,0x00000000ebb71620,0x00000000f0080000)
  from space 69632K, 0% used [0x00000000f0080000,0x00000000f0080000,0x00000000f4480000)
  to   space 84992K, 0% used [0x00000000f6b00000,0x00000000f6b00000,0x00000000fbe00000)
 ParOldGen       total 456192K, used 110413K [0x00000000a0000000, 0x00000000bbd80000, 0x00000000e0000000)
  object space 456192K, 24% used [0x00000000a0000000,0x00000000a6bd37c0,0x00000000bbd80000)
 Metaspace       used 96878K, capacity 100278K, committed 101544K, reserved 1138688K
  class space    used 11979K, capacity 12686K, committed 12968K, reserved 1048576K
GC Heap History (10 events):
Event: 192.096 GC heap before
{Heap before GC invocations=23 (full 3):
 PSYoungGen      total 323584K, used 285448K [0x00000000e0000000, 0x00000000f9c80000, 0x0000000100000000)
  eden space 247808K, 100% used [0x00000000e0000000,0x00000000ef200000,0x00000000ef200000)
  from space 75776K, 49% used [0x00000000ef200000,0x00000000f16c20f0,0x00000000f3c00000)
  to   space 73728K, 0% used [0x00000000f5480000,0x00000000f5480000,0x00000000f9c80000)
 ParOldGen       total 251904K, used 164837K [0x00000000a0000000, 0x00000000af600000, 0x00000000e0000000)
  object space 251904K, 65% used [0x00000000a0000000,0x00000000aa0f9488,0x00000000af600000)
 Metaspace       used 92835K, capacity 96716K, committed 96808K, reserved 1134592K
  class space    used 11793K, capacity 12536K, committed 12584K, reserved 1048576K
Event: 192.119 GC heap after
Heap after GC invocations=23 (full 3):
 PSYoungGen      total 334336K, used 37480K [0x00000000e0000000, 0x00000000f9380000, 0x0000000100000000)
  eden space 269824K, 0% used [0x00000000e0000000,0x00000000e0000000,0x00000000f0780000)
  from space 64512K, 58% used [0x00000000f5480000,0x00000000f791a158,0x00000000f9380000)
  to   space 71680K, 0% used [0x00000000f0780000,0x00000000f0780000,0x00000000f4d80000)
 ParOldGen       total 251904K, used 164845K [0x00000000a0000000, 0x00000000af600000, 0x00000000e0000000)
  object space 251904K, 65% used [0x00000000a0000000,0x00000000aa0fb488,0x00000000af600000)
 Metaspace       used 92835K, capacity 96716K, committed 96808K, reserved 1134592K
  class space    used 11793K, capacity 12536K, committed 12584K, reserved 1048576K
}
Event: 240.229 GC heap before
{Heap before GC invocations=24 (full 3):
 PSYoungGen      total 334336K, used 307291K [0x00000000e0000000, 0x00000000f9380000, 0x0000000100000000)
  eden space 269824K, 99% used [0x00000000e0000000,0x00000000f077cb78,0x00000000f0780000)
  from space 64512K, 58% used [0x00000000f5480000,0x00000000f791a158,0x00000000f9380000)
  to   space 71680K, 0% used [0x00000000f0780000,0x00000000f0780000,0x00000000f4d80000)
 ParOldGen       total 251904K, used 164845K [0x00000000a0000000, 0x00000000af600000, 0x00000000e0000000)
  object space 251904K, 65% used [0x00000000a0000000,0x00000000aa0fb488,0x00000000af600000)
 Metaspace       used 93103K, capacity 97112K, committed 97320K, reserved 1134592K
  class space    used 11799K, capacity 12548K, committed 12584K, reserved 1048576K
Event: 240.249 GC heap after
Heap after GC invocations=24 (full 3):
 PSYoungGen      total 341504K, used 46801K [0x00000000e0000000, 0x00000000fa980000, 0x0000000100000000)
  eden space 269824K, 0% used [0x00000000e0000000,0x00000000e0000000,0x00000000f0780000)
  from space 71680K, 65% used [0x00000000f0780000,0x00000000f3534770,0x00000000f4d80000)
  to   space 73216K, 0% used [0x00000000f6200000,0x00000000f6200000,0x00000000fa980000)
 ParOldGen       total 251904K, used 164853K [0x00000000a0000000, 0x00000000af600000, 0x00000000e0000000)
  object space 251904K, 65% used [0x00000000a0000000,0x00000000aa0fd488,0x00000000af600000)
 Metaspace       used 93103K, capacity 97112K, committed 97320K, reserved 1134592K
  class space    used 11799K, capacity 12548K, committed 12584K, reserved 1048576K
}
Event: 313.572 GC heap before
{Heap before GC invocations=25 (full 3):
 PSYoungGen      total 341504K, used 316625K [0x00000000e0000000, 0x00000000fa980000, 0x0000000100000000)
  eden space 269824K, 100% used [0x00000000e0000000,0x00000000f0780000,0x00000000f0780000)
  from space 71680K, 65% used [0x00000000f0780000,0x00000000f3534770,0x00000000f4d80000)
  to   space 73216K, 0% used [0x00000000f6200000,0x00000000f6200000,0x00000000fa980000)
 ParOldGen       total 251904K, used 164853K [0x00000000a0000000, 0x00000000af600000, 0x00000000e0000000)
  object space 251904K, 65% used [0x00000000a0000000,0x00000000aa0fd488,0x00000000af600000)
 Metaspace       used 93489K, capacity 97448K, committed 97576K, reserved 1134592K
  class space    used 11818K, capacity 12583K, committed 12584K, reserved 1048576K
Event: 313.590 GC heap after
Heap after GC invocations=25 (full 3):
 PSYoungGen      total 302080K, used 34160K [0x00000000e0000000, 0x00000000f8880000, 0x0000000100000000)
  eden space 262656K, 0% used [0x00000000e0000000,0x00000000e0000000,0x00000000f0080000)
  from space 39424K, 86% used [0x00000000f6200000,0x00000000f835c280,0x00000000f8880000)
  to   space 69632K, 0% used [0x00000000f0080000,0x00000000f0080000,0x00000000f4480000)
 ParOldGen       total 251904K, used 164861K [0x00000000a0000000, 0x00000000af600000, 0x00000000e0000000)
  object space 251904K, 65% used [0x00000000a0000000,0x00000000aa0ff488,0x00000000af600000)
 Metaspace       used 93489K, capacity 97448K, committed 97576K, reserved 1134592K
  class space    used 11818K, capacity 12583K, committed 12584K, reserved 1048576K
}
Event: 315.183 GC heap before
{Heap before GC invocations=26 (full 3):
 PSYoungGen      total 302080K, used 263346K [0x00000000e0000000, 0x00000000f8880000, 0x0000000100000000)
  eden space 262656K, 87% used [0x00000000e0000000,0x00000000edfd06a0,0x00000000f0080000)
  from space 39424K, 86% used [0x00000000f6200000,0x00000000f835c280,0x00000000f8880000)
  to   space 69632K, 0% used [0x00000000f0080000,0x00000000f0080000,0x00000000f4480000)
 ParOldGen       total 251904K, used 164861K [0x00000000a0000000, 0x00000000af600000, 0x00000000e0000000)
  object space 251904K, 65% used [0x00000000a0000000,0x00000000aa0ff488,0x00000000af600000)
 Metaspace       used 94539K, capacity 98530K, committed 98600K, reserved 1134592K
  class space    used 11886K, capacity 12698K, committed 12712K, reserved 1048576K
Event: 315.221 GC heap after
Heap after GC invocations=26 (full 3):
 PSYoungGen      total 332288K, used 69622K [0x00000000e0000000, 0x00000000fbe00000, 0x0000000100000000)
  eden space 262656K, 0% used [0x00000000e0000000,0x00000000e0000000,0x00000000f0080000)
  from space 69632K, 99% used [0x00000000f0080000,0x00000000f447d9c0,0x00000000f4480000)
  to   space 84992K, 0% used [0x00000000f6b00000,0x00000000f6b00000,0x00000000fbe00000)
 ParOldGen       total 251904K, used 180303K [0x00000000a0000000, 0x00000000af600000, 0x00000000e0000000)
  object space 251904K, 71% used [0x00000000a0000000,0x00000000ab013c70,0x00000000af600000)
 Metaspace       used 94539K, capacity 98530K, committed 98600K, reserved 1134592K
  class space    used 11886K, capacity 12698K, committed 12712K, reserved 1048576K
}
Event: 315.221 GC heap before
{Heap before GC invocations=27 (full 4):
 PSYoungGen      total 332288K, used 69622K [0x00000000e0000000, 0x00000000fbe00000, 0x0000000100000000)
  eden space 262656K, 0% used [0x00000000e0000000,0x00000000e0000000,0x00000000f0080000)
  from space 69632K, 99% used [0x00000000f0080000,0x00000000f447d9c0,0x00000000f4480000)
  to   space 84992K, 0% used [0x00000000f6b00000,0x00000000f6b00000,0x00000000fbe00000)
 ParOldGen       total 251904K, used 180303K [0x00000000a0000000, 0x00000000af600000, 0x00000000e0000000)
  object space 251904K, 71% used [0x00000000a0000000,0x00000000ab013c70,0x00000000af600000)
 Metaspace       used 94539K, capacity 98530K, committed 98600K, reserved 1134592K
  class space    used 11886K, capacity 12698K, committed 12712K, reserved 1048576K
Event: 315.397 GC heap after
Heap after GC invocations=27 (full 4):
 PSYoungGen      total 332288K, used 0K [0x00000000e0000000, 0x00000000fbe00000, 0x0000000100000000)
  eden space 262656K, 0% used [0x00000000e0000000,0x00000000e0000000,0x00000000f0080000)
  from space 69632K, 0% used [0x00000000f0080000,0x00000000f0080000,0x00000000f4480000)
  to   space 84992K, 0% used [0x00000000f6b00000,0x00000000f6b00000,0x00000000fbe00000)
 ParOldGen       total 456192K, used 110413K [0x00000000a0000000, 0x00000000bbd80000, 0x00000000e0000000)
  object space 456192K, 24% used [0x00000000a0000000,0x00000000a6bd37c0,0x00000000bbd80000)
 Metaspace       used 94148K, capacity 97450K, committed 98600K, reserved 1134592K
  class space    used 11772K, capacity 12492K, committed 12712K, reserved 1048576K
}

